app/build/intermediates/manifest_merge_blame_file/debug/manifest-merger-blame-debug-report.txt
1<?xml version="1.0" encoding="utf-8"?>
2<manifest xmlns:android="http://schemas.android.com/apk/res/android"
3    package="com.lvivdroiddev.toneapp"
4    android:versionCode="1"
5    android:versionName="1.0" >
6
7    <uses-sdk
8        android:minSdkVersion="22"
8-->src/main/AndroidManifest.xml
9        android:targetSdkVersion="28" />
9-->src/main/AndroidManifest.xml
10
11    <application
11-->src/main/AndroidManifest.xml:6:5-30:19
12        android:allowBackup="true"
12-->src/main/AndroidManifest.xml:7:9-35
13        android:appComponentFactory="androidx.core.app.CoreComponentFactory"
13-->[androidx.core:core:1.0.0] AndroidManifest.xml:22:18-86
14        android:debuggable="true"
15        android:icon="@mipmap/ic_launcher"
15-->src/main/AndroidManifest.xml:8:9-43
16        android:label="@string/app_name"
16-->src/main/AndroidManifest.xml:9:9-41
17        android:roundIcon="@mipmap/ic_launcher_round"
17-->src/main/AndroidManifest.xml:10:9-54
18        android:supportsRtl="true"
18-->src/main/AndroidManifest.xml:11:9-35
19        android:testOnly="true"
20        android:theme="@style/AppTheme" >
20-->src/main/AndroidManifest.xml:12:9-40
21        <activity android:name="com.lvivdroiddev.toneapp.reg.turnOnActivity" />
21-->src/main/AndroidManifest.xml:16:9-56
21-->src/main/AndroidManifest.xml:16:19-53
22        <activity android:name="com.lvivdroiddev.toneapp.reg.regActivity" >
22-->src/main/AndroidManifest.xml:17:9-24:20
22-->src/main/AndroidManifest.xml:17:19-50
23            <intent-filter>
23-->src/main/AndroidManifest.xml:19:9-23:25
24                <action android:name="android.intent.action.MAIN" />
24-->src/main/AndroidManifest.xml:20:13-65
24-->src/main/AndroidManifest.xml:20:21-62
25
26                <category android:name="android.intent.category.LAUNCHER" />
26-->src/main/AndroidManifest.xml:22:13-73
26-->src/main/AndroidManifest.xml:22:23-70
27            </intent-filter>
28        </activity>
29        <activity
29-->src/main/AndroidManifest.xml:25:9-29:20
30            android:name="com.lvivdroiddev.toneapp.MainActivity"
30-->src/main/AndroidManifest.xml:26:13-41
31            android:label="@string/app_name" >
31-->src/main/AndroidManifest.xml:27:13-45
32        </activity>
33        <activity
33-->[com.google.firebase:firebase-auth:19.1.0] AndroidManifest.xml:24:9-31:50
34            android:name="com.google.firebase.auth.internal.FederatedSignInActivity"
34-->[com.google.firebase:firebase-auth:19.1.0] AndroidManifest.xml:25:13-85
35            android:excludeFromRecents="true"
35-->[com.google.firebase:firebase-auth:19.1.0] AndroidManifest.xml:26:13-46
36            android:exported="true"
36-->[com.google.firebase:firebase-auth:19.1.0] AndroidManifest.xml:27:13-36
37            android:launchMode="singleTask"
37-->[com.google.firebase:firebase-auth:19.1.0] AndroidManifest.xml:28:13-44
38            android:permission="com.google.firebase.auth.api.gms.permission.LAUNCH_FEDERATED_SIGN_IN"
38-->[com.google.firebase:firebase-auth:19.1.0] AndroidManifest.xml:29:13-102
39            android:theme="@android:style/Theme.Translucent.NoTitleBar" />
39-->[com.google.firebase:firebase-auth:19.1.0] AndroidManifest.xml:30:13-72
40
41        <service
41-->[com.google.firebase:firebase-auth:19.1.0] AndroidManifest.xml:33:9-39:19
42            android:name="com.google.firebase.components.ComponentDiscoveryService"
42-->[com.google.firebase:firebase-auth:19.1.0] AndroidManifest.xml:34:13-84
43            android:exported="false" >
43-->[com.google.firebase:firebase-auth:19.1.0] AndroidManifest.xml:35:13-37
44            <meta-data
44-->[com.google.firebase:firebase-auth:19.1.0] AndroidManifest.xml:36:13-38:85
45                android:name="com.google.firebase.components:com.google.firebase.auth.FirebaseAuthRegistrar"
45-->[com.google.firebase:firebase-auth:19.1.0] AndroidManifest.xml:37:17-109
46                android:value="com.google.firebase.components.ComponentRegistrar" />
46-->[com.google.firebase:firebase-auth:19.1.0] AndroidManifest.xml:38:17-82
47        </service>
48
49        <activity
49-->[com.google.android.gms:play-services-base:17.1.0] AndroidManifest.xml:23:9-26:75
50            android:name="com.google.android.gms.common.api.GoogleApiActivity"
50-->[com.google.android.gms:play-services-base:17.1.0] AndroidManifest.xml:24:13-79
51            android:exported="false"
51-->[com.google.android.gms:play-services-base:17.1.0] AndroidManifest.xml:25:13-37
52            android:theme="@android:style/Theme.Translucent.NoTitleBar" />
52-->[com.google.android.gms:play-services-base:17.1.0] AndroidManifest.xml:26:13-72
53
54        <provider
54-->[com.google.firebase:firebase-common:19.0.0] AndroidManifest.xml:12:9-16:39
55            android:name="com.google.firebase.provider.FirebaseInitProvider"
55-->[com.google.firebase:firebase-common:19.0.0] AndroidManifest.xml:13:13-77
56            android:authorities="com.lvivdroiddev.toneapp.firebaseinitprovider"
56-->[com.google.firebase:firebase-common:19.0.0] AndroidManifest.xml:14:13-72
57            android:exported="false"
57-->[com.google.firebase:firebase-common:19.0.0] AndroidManifest.xml:15:13-37
58            android:initOrder="100" />
58-->[com.google.firebase:firebase-common:19.0.0] AndroidManifest.xml:16:13-36
59
60        <meta-data
60-->[com.google.android.gms:play-services-basement:17.0.0] AndroidManifest.xml:23:9-25:69
61            android:name="com.google.android.gms.version"
61-->[com.google.android.gms:play-services-basement:17.0.0] AndroidManifest.xml:24:13-58
62            android:value="@integer/google_play_services_version" />
62-->[com.google.android.gms:play-services-basement:17.0.0] AndroidManifest.xml:25:13-66
63
64        <provider
64-->[androidx.lifecycle:lifecycle-process:2.0.0] AndroidManifest.xml:23:9-27:43
65            android:name="androidx.lifecycle.ProcessLifecycleOwnerInitializer"
65-->[androidx.lifecycle:lifecycle-process:2.0.0] AndroidManifest.xml:24:13-79
66            android:authorities="com.lvivdroiddev.toneapp.lifecycle-process"
66-->[androidx.lifecycle:lifecycle-process:2.0.0] AndroidManifest.xml:25:13-69
67            android:exported="false"
67-->[androidx.lifecycle:lifecycle-process:2.0.0] AndroidManifest.xml:26:13-37
68            android:multiprocess="true" />
68-->[androidx.lifecycle:lifecycle-process:2.0.0] AndroidManifest.xml:27:13-40
69    </application>
70
71</manifest>